Using pre-set license
Built from '2020.3/staging' branch; Version is '2020.3.6f1 (338bb68529b2) revision 3378102'; Using compiler version '192528614'; Build Type 'Release'
OS: 'Windows 10 Education; OS build 18363.1556; Version 1909; 64bit' Language: 'en' Physical Memory: 16314 MB
BatchMode: 1, IsHumanControllingUs: 0, StartBugReporterOnCrash: 0, Is64bit: 1, IsPro: 0

 COMMAND LINE ARGUMENTS:
D:\Program Files\UnityInstalls\2020.3.6f1\Editor\Unity.exe
-adb2
-batchMode
-noUpm
-name
AssetImportWorker0
-projectPath
D:/Program Files/UnityProj/PuzzleGame
-logFile
Logs/AssetImportWorker0.log
-srvPort
62042
Successfully changed project path to: D:/Program Files/UnityProj/PuzzleGame
D:/Program Files/UnityProj/PuzzleGame
Using Asset Import Pipeline V2.
Refreshing native plugins compatible for Editor in 33.96 ms, found 1 plugins.
Preloading 0 native plugins for Editor in 0.00 ms.
Initialize engine version: 2020.3.6f1 (338bb68529b2)
[Subsystems] Discovering subsystems at path D:/Program Files/UnityInstalls/2020.3.6f1/Editor/Data/Resources/UnitySubsystems
[Subsystems] Discovering subsystems at path D:/Program Files/UnityProj/PuzzleGame/Assets
GfxDevice: creating device client; threaded=0
Direct3D:
    Version:  Direct3D 11.0 [level 11.1]
    Renderer: NVIDIA GeForce GTX 1070 (ID=0x1b81)
    Vendor:   
    VRAM:     8088 MB
    Driver:   27.21.14.5167
Initialize mono
Mono path[0] = 'D:/Program Files/UnityInstalls/2020.3.6f1/Editor/Data/Managed'
Mono path[1] = 'D:/Program Files/UnityInstalls/2020.3.6f1/Editor/Data/MonoBleedingEdge/lib/mono/unityjit'
Mono config path = 'D:/Program Files/UnityInstalls/2020.3.6f1/Editor/Data/MonoBleedingEdge/etc'
Using monoOptions --debugger-agent=transport=dt_socket,embedding=1,server=y,suspend=n,address=127.0.0.1:56444
Begin MonoManager ReloadAssembly
Registering precompiled unity dll's ...
Register platform support module: D:/Program Files/UnityInstalls/2020.3.6f1/Editor/Data/PlaybackEngines/WebGLSupport/UnityEditor.WebGL.Extensions.dll
Register platform support module: D:/Program Files/UnityInstalls/2020.3.6f1/Editor/Data/PlaybackEngines/WindowsStandaloneSupport/UnityEditor.WindowsStandalone.Extensions.dll
Registered in 0.001237 seconds.
Native extension for WindowsStandalone target not found
Native extension for WebGL target not found
Refreshing native plugins compatible for Editor in 34.72 ms, found 1 plugins.
Preloading 0 native plugins for Editor in 0.00 ms.
Mono: successfully reloaded assembly
- Completed reload, in  2.010 seconds
Platform modules already initialized, skipping
Registering precompiled user dll's ...
Registered in 0.000883 seconds.
Begin MonoManager ReloadAssembly
Native extension for WindowsStandalone target not found
Native extension for WebGL target not found
Refreshing native plugins compatible for Editor in 33.88 ms, found 1 plugins.
Preloading 0 native plugins for Editor in 0.00 ms.
Mono: successfully reloaded assembly
- Completed reload, in  0.824 seconds
Platform modules already initialized, skipping
========================================================================
Worker process is ready to serve import requests
Launched and connected shader compiler UnityShaderCompiler.exe after 0.04 seconds
Refreshing native plugins compatible for Editor in 0.33 ms, found 1 plugins.
Preloading 0 native plugins for Editor in 0.00 ms.
Unloading 1847 Unused Serialized files (Serialized files now loaded: 0)
System memory in use before: 108.5 MB.
System memory in use after: 108.6 MB.

Unloading 18 unused Assets to reduce memory usage. Loaded Objects now: 2328.
Total: 1.680900 ms (FindLiveObjects: 0.182300 ms CreateObjectMapping: 0.077900 ms MarkObjects: 1.402000 ms  DeleteObjects: 0.017900 ms)

========================================================================
Received Import Request.
  path: Assets/Scenes/11-20/Level20 1.unity
  artifactKey: Guid(57a2f289d04a44246841bb8f1dc30d16) Importer(815301076,1909f56bfc062723c751e8b465ee728b)
Start importing Assets/Scenes/11-20/Level20 1.unity using Guid(57a2f289d04a44246841bb8f1dc30d16) Importer(815301076,1909f56bfc062723c751e8b465ee728b)  -> (artifact id: 'ea90aaad05e8275f0724b27ef0357ecb') in 0.016679 seconds
  Import took 0.019425 seconds .

========================================================================
Received Import Request.
  Time since last request: 4.465369 seconds.
  path: Assets/Scenes/21-30
  artifactKey: Guid(8f14c898164cdb843b7ba00203aef0fd) Importer(815301076,1909f56bfc062723c751e8b465ee728b)
Start importing Assets/Scenes/21-30 using Guid(8f14c898164cdb843b7ba00203aef0fd) Importer(815301076,1909f56bfc062723c751e8b465ee728b)  -> (artifact id: '824b02e640fa5c30395f5cb4ded5391b') in 0.008156 seconds
  Import took 0.010730 seconds .

========================================================================
Received Import Request.
  Time since last request: 11.269383 seconds.
  path: Assets/Scenes/21-30/Level21.unity
  artifactKey: Guid(57a2f289d04a44246841bb8f1dc30d16) Importer(815301076,1909f56bfc062723c751e8b465ee728b)
Start importing Assets/Scenes/21-30/Level21.unity using Guid(57a2f289d04a44246841bb8f1dc30d16) Importer(815301076,1909f56bfc062723c751e8b465ee728b)  -> (artifact id: '4dffddc95cd58e7a0749727fbfcd9075') in 0.010229 seconds
  Import took 0.012743 seconds .

========================================================================
Received Import Request.
  Time since last request: 123.713850 seconds.
  path: Assets/Scenes/21-30/Level21.unity
  artifactKey: Guid(57a2f289d04a44246841bb8f1dc30d16) Importer(815301076,1909f56bfc062723c751e8b465ee728b)
Start importing Assets/Scenes/21-30/Level21.unity using Guid(57a2f289d04a44246841bb8f1dc30d16) Importer(815301076,1909f56bfc062723c751e8b465ee728b)  -> (artifact id: '3659ab3be4538f7e8e71a57c36d2e2c5') in 0.003987 seconds
  Import took 0.006881 seconds .

========================================================================
Received Import Request.
  Time since last request: 8.889289 seconds.
  path: Assets/Scenes/21-30/Level21.unity
  artifactKey: Guid(57a2f289d04a44246841bb8f1dc30d16) Importer(815301076,1909f56bfc062723c751e8b465ee728b)
Start importing Assets/Scenes/21-30/Level21.unity using Guid(57a2f289d04a44246841bb8f1dc30d16) Importer(815301076,1909f56bfc062723c751e8b465ee728b)  -> (artifact id: 'fc28b690364f8283f0d54eb37ff351c5') in 0.004310 seconds
  Import took 0.006838 seconds .

========================================================================
Received Import Request.
  Time since last request: 0.734341 seconds.
  path: Assets/Scenes/21-30/Level21 1.unity
  artifactKey: Guid(763ff65668589bc498690b27ead874a4) Importer(815301076,1909f56bfc062723c751e8b465ee728b)
Start importing Assets/Scenes/21-30/Level21 1.unity using Guid(763ff65668589bc498690b27ead874a4) Importer(815301076,1909f56bfc062723c751e8b465ee728b)  -> (artifact id: 'c84b51dd873baa26d2faaee5b5afef1a') in 0.008959 seconds
  Import took 0.011729 seconds .

========================================================================
Received Import Request.
  Time since last request: 5.768063 seconds.
  path: Assets/Scenes/21-30/Level22.unity
  artifactKey: Guid(763ff65668589bc498690b27ead874a4) Importer(815301076,1909f56bfc062723c751e8b465ee728b)
Start importing Assets/Scenes/21-30/Level22.unity using Guid(763ff65668589bc498690b27ead874a4) Importer(815301076,1909f56bfc062723c751e8b465ee728b)  -> (artifact id: 'ea4fd5353d061931da7aeb170370db53') in 0.010446 seconds
  Import took 0.012953 seconds .

========================================================================
Received Import Request.
  Time since last request: 168.443038 seconds.
  path: Assets/Scenes/21-30/Level22.unity
  artifactKey: Guid(763ff65668589bc498690b27ead874a4) Importer(815301076,1909f56bfc062723c751e8b465ee728b)
Start importing Assets/Scenes/21-30/Level22.unity using Guid(763ff65668589bc498690b27ead874a4) Importer(815301076,1909f56bfc062723c751e8b465ee728b)  -> (artifact id: '2a5c2dab80200b97fb11893c02396273') in 0.004335 seconds
  Import took 0.007130 seconds .

========================================================================
Received Import Request.
  Time since last request: 2.695660 seconds.
  path: Assets/Scenes/21-30/Level22 1.unity
  artifactKey: Guid(4e8bf139bfcc4a64a846d54909ba3ef0) Importer(815301076,1909f56bfc062723c751e8b465ee728b)
Start importing Assets/Scenes/21-30/Level22 1.unity using Guid(4e8bf139bfcc4a64a846d54909ba3ef0) Importer(815301076,1909f56bfc062723c751e8b465ee728b)  -> (artifact id: '3ccb26772a13c8c21c72eb3cad6c7cbb') in 0.008273 seconds
  Import took 0.011043 seconds .

========================================================================
Received Import Request.
  Time since last request: 4.281981 seconds.
  path: Assets/Scenes/21-30/Level23.unity
  artifactKey: Guid(4e8bf139bfcc4a64a846d54909ba3ef0) Importer(815301076,1909f56bfc062723c751e8b465ee728b)
Start importing Assets/Scenes/21-30/Level23.unity using Guid(4e8bf139bfcc4a64a846d54909ba3ef0) Importer(815301076,1909f56bfc062723c751e8b465ee728b)  -> (artifact id: 'b826336a2353e7db84a9d7bb2db5574f') in 0.007893 seconds
  Import took 0.010393 seconds .

========================================================================
Received Import Request.
  Time since last request: 253.650519 seconds.
  path: Assets/Scenes/21-30/Level21.unity
  artifactKey: Guid(57a2f289d04a44246841bb8f1dc30d16) Importer(815301076,1909f56bfc062723c751e8b465ee728b)
Start importing Assets/Scenes/21-30/Level21.unity using Guid(57a2f289d04a44246841bb8f1dc30d16) Importer(815301076,1909f56bfc062723c751e8b465ee728b)  -> (artifact id: '77eb8ed6b22fccbc7406277c086e7104') in 0.004004 seconds
  Import took 0.006932 seconds .

========================================================================
Received Import Request.
  Time since last request: 14.193531 seconds.
  path: Assets/Scenes/21-30/Level23.unity
  artifactKey: Guid(4e8bf139bfcc4a64a846d54909ba3ef0) Importer(815301076,1909f56bfc062723c751e8b465ee728b)
Start importing Assets/Scenes/21-30/Level23.unity using Guid(4e8bf139bfcc4a64a846d54909ba3ef0) Importer(815301076,1909f56bfc062723c751e8b465ee728b)  -> (artifact id: '844a5430829ef329e407cd2ea5ef5916') in 0.004227 seconds
  Import took 0.006700 seconds .

========================================================================
Received Import Request.
  Time since last request: 4.212727 seconds.
  path: Assets/Scenes/21-30/Level23 1.unity
  artifactKey: Guid(44bfdb5e8a9a946478d2cccefe488052) Importer(815301076,1909f56bfc062723c751e8b465ee728b)
Start importing Assets/Scenes/21-30/Level23 1.unity using Guid(44bfdb5e8a9a946478d2cccefe488052) Importer(815301076,1909f56bfc062723c751e8b465ee728b)  -> (artifact id: '2554486b6c80551614007fdda40b758b') in 0.008769 seconds
  Import took 0.011230 seconds .

========================================================================
Received Import Request.
  Time since last request: 7.582907 seconds.
  path: Assets/Scenes/21-30/Level24.unity
  artifactKey: Guid(4e8bf139bfcc4a64a846d54909ba3ef0) Importer(815301076,1909f56bfc062723c751e8b465ee728b)
Start importing Assets/Scenes/21-30/Level24.unity using Guid(4e8bf139bfcc4a64a846d54909ba3ef0) Importer(815301076,1909f56bfc062723c751e8b465ee728b)  -> (artifact id: '0e40bf93970c1e3ed88010229c73e5c2') in 0.010712 seconds
  Import took 0.013253 seconds .

========================================================================
Received Import Request.
  Time since last request: 7.292312 seconds.
  path: Assets/Scenes/21-30/Level24.unity
  artifactKey: Guid(44bfdb5e8a9a946478d2cccefe488052) Importer(815301076,1909f56bfc062723c751e8b465ee728b)
Start importing Assets/Scenes/21-30/Level24.unity using Guid(44bfdb5e8a9a946478d2cccefe488052) Importer(815301076,1909f56bfc062723c751e8b465ee728b)  -> (artifact id: 'a49a6112f1e9000a517529029812e661') in 0.004340 seconds
  Import took 0.006828 seconds .

========================================================================
Received Import Request.
  Time since last request: 255.601918 seconds.
  path: Assets/Scenes/21-30/Level24.unity
  artifactKey: Guid(44bfdb5e8a9a946478d2cccefe488052) Importer(815301076,1909f56bfc062723c751e8b465ee728b)
Start importing Assets/Scenes/21-30/Level24.unity using Guid(44bfdb5e8a9a946478d2cccefe488052) Importer(815301076,1909f56bfc062723c751e8b465ee728b)  -> (artifact id: 'ce42b44e5bdf7cb8561ed5624fb63c24') in 0.003650 seconds
  Import took 0.006619 seconds .

========================================================================
Received Import Request.
  Time since last request: 18.946219 seconds.
  path: Assets/Scenes/21-30/Level24.unity
  artifactKey: Guid(44bfdb5e8a9a946478d2cccefe488052) Importer(815301076,1909f56bfc062723c751e8b465ee728b)
Start importing Assets/Scenes/21-30/Level24.unity using Guid(44bfdb5e8a9a946478d2cccefe488052) Importer(815301076,1909f56bfc062723c751e8b465ee728b)  -> (artifact id: 'a72579179d00327fe8cfbdd55e54ad41') in 0.004755 seconds
  Import took 0.007263 seconds .

========================================================================
Received Import Request.
  Time since last request: 1.157259 seconds.
  path: Assets/Scenes/21-30/Level24 1.unity
  artifactKey: Guid(c738ccb958ac8f345b427dd014aa81ea) Importer(815301076,1909f56bfc062723c751e8b465ee728b)
Start importing Assets/Scenes/21-30/Level24 1.unity using Guid(c738ccb958ac8f345b427dd014aa81ea) Importer(815301076,1909f56bfc062723c751e8b465ee728b)  -> (artifact id: '39204e656d1e81f5ff4f7f0086aa8fb9') in 0.008742 seconds
  Import took 0.011217 seconds .

========================================================================
Received Import Request.
  Time since last request: 5.937910 seconds.
  path: Assets/Scenes/21-30/Level25.unity
  artifactKey: Guid(c738ccb958ac8f345b427dd014aa81ea) Importer(815301076,1909f56bfc062723c751e8b465ee728b)
Start importing Assets/Scenes/21-30/Level25.unity using Guid(c738ccb958ac8f345b427dd014aa81ea) Importer(815301076,1909f56bfc062723c751e8b465ee728b)  -> (artifact id: '67eb24a908773b2b208d3ffae2f49e79') in 0.008405 seconds
  Import took 0.010893 seconds .

========================================================================
Received Import Request.
  Time since last request: 240.049807 seconds.
  path: Assets/Scenes/Preload.unity
  artifactKey: Guid(123a051d6e13437459c65a93120f5d49) Importer(815301076,1909f56bfc062723c751e8b465ee728b)
Start importing Assets/Scenes/Preload.unity using Guid(123a051d6e13437459c65a93120f5d49) Importer(815301076,1909f56bfc062723c751e8b465ee728b)  -> (artifact id: '7df980c842cc9e77d41972091004981b') in 0.007854 seconds
  Import took 0.011105 seconds .

========================================================================
Received Import Request.
  Time since last request: 20.028208 seconds.
  path: Assets/Scenes/21-30/Level21.unity
  artifactKey: Guid(57a2f289d04a44246841bb8f1dc30d16) Importer(815301076,1909f56bfc062723c751e8b465ee728b)
Start importing Assets/Scenes/21-30/Level21.unity using Guid(57a2f289d04a44246841bb8f1dc30d16) Importer(815301076,1909f56bfc062723c751e8b465ee728b)  -> (artifact id: '0e89097b444154ff00e1c64ff7209bba') in 0.004317 seconds
  Import took 0.006822 seconds .

========================================================================
Received Prepare
Registering precompiled user dll's ...
Registered in 0.000829 seconds.
Begin MonoManager ReloadAssembly
Native extension for WindowsStandalone target not found
Native extension for WebGL target not found
Refreshing native plugins compatible for Editor in 0.34 ms, found 1 plugins.
Preloading 0 native plugins for Editor in 0.00 ms.
Mono: successfully reloaded assembly
- Completed reload, in  0.738 seconds
Platform modules already initialized, skipping
Switching build target platform(5) subTarget(0) extendedPlatform(0) -> platform(13) subTarget(537395200) extendedPlatform(0)
Refreshing native plugins compatible for Editor in 0.35 ms, found 1 plugins.
Preloading 0 native plugins for Editor in 0.00 ms.
Unloading 1825 Unused Serialized files (Serialized files now loaded: 0)
System memory in use before: 106.8 MB.
System memory in use after: 106.9 MB.

Unloading 7 unused Assets to reduce memory usage. Loaded Objects now: 2332.
Total: 1.741300 ms (FindLiveObjects: 0.176000 ms CreateObjectMapping: 0.065100 ms MarkObjects: 1.484500 ms  DeleteObjects: 0.014700 ms)

AssetImportParameters requested are different than current active one (requested -> active):
  custom:graphics/normal-map-encoding: 01000000000000000000000000000000 -> 02000000000000000000000000000000
========================================================================
Received Prepare
Registering precompiled user dll's ...
Registered in 0.003251 seconds.
Begin MonoManager ReloadAssembly
Native extension for WindowsStandalone target not found
Native extension for WebGL target not found
Refreshing native plugins compatible for Editor in 0.34 ms, found 1 plugins.
Preloading 0 native plugins for Editor in 0.00 ms.
Mono: successfully reloaded assembly
- Completed reload, in  0.730 seconds
Platform modules already initialized, skipping
Switching build target platform(5) subTarget(0) extendedPlatform(0) -> platform(13) subTarget(537395200) extendedPlatform(0)
Refreshing native plugins compatible for Editor in 0.33 ms, found 1 plugins.
Preloading 0 native plugins for Editor in 0.00 ms.
Unloading 1825 Unused Serialized files (Serialized files now loaded: 0)
System memory in use before: 106.9 MB.
System memory in use after: 107.0 MB.

Unloading 7 unused Assets to reduce memory usage. Loaded Objects now: 2336.
Total: 1.762500 ms (FindLiveObjects: 0.175500 ms CreateObjectMapping: 0.066000 ms MarkObjects: 1.506900 ms  DeleteObjects: 0.013200 ms)

AssetImportParameters requested are different than current active one (requested -> active):
  custom:graphics/normal-map-encoding: 01000000000000000000000000000000 -> 02000000000000000000000000000000
========================================================================
Received Import Request.
  Time since last request: 95.661010 seconds.
  path: Assets/Scenes/Preload.unity
  artifactKey: Guid(123a051d6e13437459c65a93120f5d49) Importer(815301076,1909f56bfc062723c751e8b465ee728b)
Start importing Assets/Scenes/Preload.unity using Guid(123a051d6e13437459c65a93120f5d49) Importer(815301076,1909f56bfc062723c751e8b465ee728b)  -> (artifact id: '2dbcc2246a61ecbb9aa96c0e13b12803') in 0.010326 seconds
  Import took 0.012919 seconds .

========================================================================
Received Prepare
Registering precompiled user dll's ...
Registered in 0.000903 seconds.
Begin MonoManager ReloadAssembly
Native extension for WindowsStandalone target not found
Native extension for WebGL target not found
Refreshing native plugins compatible for Editor in 0.34 ms, found 1 plugins.
Preloading 0 native plugins for Editor in 0.00 ms.
Mono: successfully reloaded assembly
- Completed reload, in  0.741 seconds
Platform modules already initialized, skipping
Switching build target platform(5) subTarget(0) extendedPlatform(0) -> platform(13) subTarget(537395200) extendedPlatform(0)
Refreshing native plugins compatible for Editor in 0.34 ms, found 1 plugins.
Preloading 0 native plugins for Editor in 0.00 ms.
Unloading 1825 Unused Serialized files (Serialized files now loaded: 0)
System memory in use before: 106.9 MB.
System memory in use after: 107.0 MB.

Unloading 7 unused Assets to reduce memory usage. Loaded Objects now: 2340.
Total: 1.717800 ms (FindLiveObjects: 0.170500 ms CreateObjectMapping: 0.062900 ms MarkObjects: 1.470200 ms  DeleteObjects: 0.013400 ms)

AssetImportParameters requested are different than current active one (requested -> active):
  custom:graphics/normal-map-encoding: 01000000000000000000000000000000 -> 02000000000000000000000000000000
========================================================================
Received Import Request.
  Time since last request: 1416.091653 seconds.
  path: Assets/Scenes/21-30/Level25.unity
  artifactKey: Guid(c738ccb958ac8f345b427dd014aa81ea) Importer(815301076,1909f56bfc062723c751e8b465ee728b)
Start importing Assets/Scenes/21-30/Level25.unity using Guid(c738ccb958ac8f345b427dd014aa81ea) Importer(815301076,1909f56bfc062723c751e8b465ee728b)  -> (artifact id: 'e4a93351dbafe09f65bad798aeb3a734') in 0.012862 seconds
  Import took 0.016095 seconds .

========================================================================
Received Prepare
Registering precompiled user dll's ...
Registered in 0.000897 seconds.
Begin MonoManager ReloadAssembly
Native extension for WindowsStandalone target not found
Native extension for WebGL target not found
Refreshing native plugins compatible for Editor in 0.37 ms, found 1 plugins.
Preloading 0 native plugins for Editor in 0.00 ms.
Mono: successfully reloaded assembly
- Completed reload, in  0.748 seconds
Platform modules already initialized, skipping
Switching build target platform(5) subTarget(0) extendedPlatform(0) -> platform(13) subTarget(537395200) extendedPlatform(0)
Refreshing native plugins compatible for Editor in 0.34 ms, found 1 plugins.
Preloading 0 native plugins for Editor in 0.00 ms.
Unloading 1825 Unused Serialized files (Serialized files now loaded: 0)
System memory in use before: 106.9 MB.
System memory in use after: 107.0 MB.

Unloading 7 unused Assets to reduce memory usage. Loaded Objects now: 2344.
Total: 1.672100 ms (FindLiveObjects: 0.177800 ms CreateObjectMapping: 0.061500 ms MarkObjects: 1.419800 ms  DeleteObjects: 0.012100 ms)

AssetImportParameters requested are different than current active one (requested -> active):
  custom:graphics/normal-map-encoding: 01000000000000000000000000000000 -> 02000000000000000000000000000000
========================================================================
Received Import Request.
  Time since last request: 2.618803 seconds.
  path: Assets/Scenes/21-30/Level25 1.unity
  artifactKey: Guid(68cdc731719e4304a868304cebf5c185) Importer(815301076,1909f56bfc062723c751e8b465ee728b)
Start importing Assets/Scenes/21-30/Level25 1.unity using Guid(68cdc731719e4304a868304cebf5c185) Importer(815301076,1909f56bfc062723c751e8b465ee728b)  -> (artifact id: 'b8ca1f9c70b6ba022531dfddbcd052dc') in 0.013823 seconds
  Import took 0.016265 seconds .

========================================================================
Received Import Request.
  Time since last request: 4.864947 seconds.
  path: Assets/Scenes/21-30/Level26.unity
  artifactKey: Guid(68cdc731719e4304a868304cebf5c185) Importer(815301076,1909f56bfc062723c751e8b465ee728b)
Start importing Assets/Scenes/21-30/Level26.unity using Guid(68cdc731719e4304a868304cebf5c185) Importer(815301076,1909f56bfc062723c751e8b465ee728b)  -> (artifact id: '6c397b4310c3d6dc0bcd276987bf0060') in 0.011626 seconds
  Import took 0.014153 seconds .

========================================================================
Received Import Request.
  Time since last request: 278.405082 seconds.
  path: Assets/Scenes/21-30/Level26.unity
  artifactKey: Guid(68cdc731719e4304a868304cebf5c185) Importer(815301076,1909f56bfc062723c751e8b465ee728b)
Start importing Assets/Scenes/21-30/Level26.unity using Guid(68cdc731719e4304a868304cebf5c185) Importer(815301076,1909f56bfc062723c751e8b465ee728b)  -> (artifact id: '8f5f5cf87c6d87ea8c067694c2303eef') in 0.004010 seconds
  Import took 0.006562 seconds .

========================================================================
Received Import Request.
  Time since last request: 0.636015 seconds.
  path: Assets/Scenes/21-30/Level26 1.unity
  artifactKey: Guid(a4a543c6ac267ef4d964b538e48f295b) Importer(815301076,1909f56bfc062723c751e8b465ee728b)
Start importing Assets/Scenes/21-30/Level26 1.unity using Guid(a4a543c6ac267ef4d964b538e48f295b) Importer(815301076,1909f56bfc062723c751e8b465ee728b)  -> (artifact id: '93884103f456fa6ffd0014d34b994241') in 0.008595 seconds
  Import took 0.011117 seconds .

========================================================================
Received Import Request.
  Time since last request: 67.519036 seconds.
  path: Assets/Scenes/21-30/Level27.unity
  artifactKey: Guid(a4a543c6ac267ef4d964b538e48f295b) Importer(815301076,1909f56bfc062723c751e8b465ee728b)
Start importing Assets/Scenes/21-30/Level27.unity using Guid(a4a543c6ac267ef4d964b538e48f295b) Importer(815301076,1909f56bfc062723c751e8b465ee728b)  -> (artifact id: '85a6ede58f8998def8b869e8a8029c4e') in 0.009871 seconds
  Import took 0.012580 seconds .

========================================================================
Received Import Request.
  Time since last request: 156.767624 seconds.
  path: Assets/Scenes/21-30/Level27.unity
  artifactKey: Guid(a4a543c6ac267ef4d964b538e48f295b) Importer(815301076,1909f56bfc062723c751e8b465ee728b)
Start importing Assets/Scenes/21-30/Level27.unity using Guid(a4a543c6ac267ef4d964b538e48f295b) Importer(815301076,1909f56bfc062723c751e8b465ee728b)  -> (artifact id: '48909d6113fc86e25bbf01600cf1ab5b') in 0.003742 seconds
  Import took 0.006703 seconds .

========================================================================
Received Import Request.
  Time since last request: 0.559113 seconds.
  path: Assets/Scenes/21-30/Level27 1.unity
  artifactKey: Guid(d0a80a456d7a7164b9f7662da66a0115) Importer(815301076,1909f56bfc062723c751e8b465ee728b)
Start importing Assets/Scenes/21-30/Level27 1.unity using Guid(d0a80a456d7a7164b9f7662da66a0115) Importer(815301076,1909f56bfc062723c751e8b465ee728b)  -> (artifact id: '0ffc83c34b727a07b93609a1a2f9dfe7') in 0.008049 seconds
  Import took 0.010522 seconds .

========================================================================
Received Import Request.
  Time since last request: 4.455546 seconds.
  path: Assets/Scenes/21-30/Level28.unity
  artifactKey: Guid(d0a80a456d7a7164b9f7662da66a0115) Importer(815301076,1909f56bfc062723c751e8b465ee728b)
Start importing Assets/Scenes/21-30/Level28.unity using Guid(d0a80a456d7a7164b9f7662da66a0115) Importer(815301076,1909f56bfc062723c751e8b465ee728b)  -> (artifact id: 'c7fc91fbb1fae3e7279d08627ab669ce') in 0.010085 seconds
  Import took 0.012656 seconds .

========================================================================
Received Import Request.
  Time since last request: 199.254413 seconds.
  path: Assets/Scenes/21-30/Level28.unity
  artifactKey: Guid(d0a80a456d7a7164b9f7662da66a0115) Importer(815301076,1909f56bfc062723c751e8b465ee728b)
Start importing Assets/Scenes/21-30/Level28.unity using Guid(d0a80a456d7a7164b9f7662da66a0115) Importer(815301076,1909f56bfc062723c751e8b465ee728b)  -> (artifact id: '578c7f8af0ecfd2c81306c126742ca4c') in 0.003609 seconds
  Import took 0.006610 seconds .

========================================================================
Received Import Request.
  Time since last request: 70.942434 seconds.
  path: Assets/Scenes/21-30/Level28.unity
  artifactKey: Guid(d0a80a456d7a7164b9f7662da66a0115) Importer(815301076,1909f56bfc062723c751e8b465ee728b)
Start importing Assets/Scenes/21-30/Level28.unity using Guid(d0a80a456d7a7164b9f7662da66a0115) Importer(815301076,1909f56bfc062723c751e8b465ee728b)  -> (artifact id: '1369e5645ce676ad2088039e31bad10d') in 0.003734 seconds
  Import took 0.006250 seconds .

========================================================================
Received Import Request.
  Time since last request: 1.593488 seconds.
  path: Assets/Scenes/21-30/Level28 1.unity
  artifactKey: Guid(df7ff65e81ec9e94282fcaba2aa00e9f) Importer(815301076,1909f56bfc062723c751e8b465ee728b)
Start importing Assets/Scenes/21-30/Level28 1.unity using Guid(df7ff65e81ec9e94282fcaba2aa00e9f) Importer(815301076,1909f56bfc062723c751e8b465ee728b)  -> (artifact id: '7ea742b1c20f3ca4074fd4a957bd0263') in 0.008083 seconds
  Import took 0.010678 seconds .

========================================================================
Received Import Request.
  Time since last request: 4.959116 seconds.
  path: Assets/Scenes/21-30/Level29.unity
  artifactKey: Guid(df7ff65e81ec9e94282fcaba2aa00e9f) Importer(815301076,1909f56bfc062723c751e8b465ee728b)
Start importing Assets/Scenes/21-30/Level29.unity using Guid(df7ff65e81ec9e94282fcaba2aa00e9f) Importer(815301076,1909f56bfc062723c751e8b465ee728b)  -> (artifact id: 'a9f416f407032b8d8c5fd837280c695c') in 0.009865 seconds
  Import took 0.012502 seconds .

========================================================================
Received Import Request.
  Time since last request: 477.936076 seconds.
  path: Assets/Scenes/21-30/Level29.unity
  artifactKey: Guid(df7ff65e81ec9e94282fcaba2aa00e9f) Importer(815301076,1909f56bfc062723c751e8b465ee728b)
Start importing Assets/Scenes/21-30/Level29.unity using Guid(df7ff65e81ec9e94282fcaba2aa00e9f) Importer(815301076,1909f56bfc062723c751e8b465ee728b)  -> (artifact id: 'f4481fec5ecd4d53c5ec1a4a8ad7651f') in 0.004076 seconds
  Import took 0.007026 seconds .

========================================================================
Received Import Request.
  Time since last request: 2.213274 seconds.
  path: Assets/Scenes/21-30/Level29 1.unity
  artifactKey: Guid(c878d1d05769b0f41a2b750a3ff4ddc5) Importer(815301076,1909f56bfc062723c751e8b465ee728b)
Start importing Assets/Scenes/21-30/Level29 1.unity using Guid(c878d1d05769b0f41a2b750a3ff4ddc5) Importer(815301076,1909f56bfc062723c751e8b465ee728b)  -> (artifact id: '1e18a3dd34d8925d08b1432e5976834d') in 0.010795 seconds
  Import took 0.013290 seconds .

========================================================================
Received Import Request.
  Time since last request: 6.288911 seconds.
  path: Assets/Scenes/21-30/Level30.unity
  artifactKey: Guid(c878d1d05769b0f41a2b750a3ff4ddc5) Importer(815301076,1909f56bfc062723c751e8b465ee728b)
Start importing Assets/Scenes/21-30/Level30.unity using Guid(c878d1d05769b0f41a2b750a3ff4ddc5) Importer(815301076,1909f56bfc062723c751e8b465ee728b)  -> (artifact id: 'ec6e2dd38ef158c7ed54f7390d98919f') in 0.007693 seconds
  Import took 0.010380 seconds .

========================================================================
Received Import Request.
  Time since last request: 261.146282 seconds.
  path: Assets/Scenes/21-30/Level22.unity
  artifactKey: Guid(763ff65668589bc498690b27ead874a4) Importer(815301076,1909f56bfc062723c751e8b465ee728b)
Start importing Assets/Scenes/21-30/Level22.unity using Guid(763ff65668589bc498690b27ead874a4) Importer(815301076,1909f56bfc062723c751e8b465ee728b)  -> (artifact id: 'a9915f9030c7d0a9a6a5e711c274cc1f') in 0.004128 seconds
  Import took 0.007109 seconds .

========================================================================
Received Import Request.
  Time since last request: 31.141696 seconds.
  path: Assets/Scenes/21-30/Level26.unity
  artifactKey: Guid(68cdc731719e4304a868304cebf5c185) Importer(815301076,1909f56bfc062723c751e8b465ee728b)
Start importing Assets/Scenes/21-30/Level26.unity using Guid(68cdc731719e4304a868304cebf5c185) Importer(815301076,1909f56bfc062723c751e8b465ee728b)  -> (artifact id: '2f0cc2915ee223e04608347b1d525040') in 0.010299 seconds
  Import took 0.012868 seconds .

========================================================================
Received Prepare
Registering precompiled user dll's ...
Registered in 0.000876 seconds.
Begin MonoManager ReloadAssembly
Native extension for WindowsStandalone target not found
Native extension for WebGL target not found
Refreshing native plugins compatible for Editor in 0.35 ms, found 1 plugins.
Preloading 0 native plugins for Editor in 0.00 ms.
Mono: successfully reloaded assembly
- Completed reload, in  0.735 seconds
Platform modules already initialized, skipping
Switching build target platform(5) subTarget(0) extendedPlatform(0) -> platform(13) subTarget(537395200) extendedPlatform(0)
Refreshing native plugins compatible for Editor in 0.39 ms, found 1 plugins.
Preloading 0 native plugins for Editor in 0.00 ms.
Unloading 1825 Unused Serialized files (Serialized files now loaded: 0)
System memory in use before: 107.0 MB.
System memory in use after: 107.1 MB.

Unloading 7 unused Assets to reduce memory usage. Loaded Objects now: 2348.
Total: 1.685600 ms (FindLiveObjects: 0.167800 ms CreateObjectMapping: 0.058500 ms MarkObjects: 1.443900 ms  DeleteObjects: 0.014400 ms)

AssetImportParameters requested are different than current active one (requested -> active):
  custom:graphics/normal-map-encoding: 01000000000000000000000000000000 -> 02000000000000000000000000000000
========================================================================
Received Prepare
Registering precompiled user dll's ...
Registered in 0.001055 seconds.
Begin MonoManager ReloadAssembly
Native extension for WindowsStandalone target not found
Native extension for WebGL target not found
Refreshing native plugins compatible for Editor in 0.37 ms, found 1 plugins.
Preloading 0 native plugins for Editor in 0.00 ms.
Mono: successfully reloaded assembly
- Completed reload, in  0.757 seconds
Platform modules already initialized, skipping
Switching build target platform(5) subTarget(0) extendedPlatform(0) -> platform(13) subTarget(537395200) extendedPlatform(0)
Refreshing native plugins compatible for Editor in 0.33 ms, found 1 plugins.
Preloading 0 native plugins for Editor in 0.00 ms.
Unloading 1825 Unused Serialized files (Serialized files now loaded: 0)
System memory in use before: 107.0 MB.
System memory in use after: 107.1 MB.

Unloading 7 unused Assets to reduce memory usage. Loaded Objects now: 2352.
Total: 1.594400 ms (FindLiveObjects: 0.168600 ms CreateObjectMapping: 0.061200 ms MarkObjects: 1.351400 ms  DeleteObjects: 0.012300 ms)

AssetImportParameters requested are different than current active one (requested -> active):
  custom:graphics/normal-map-encoding: 01000000000000000000000000000000 -> 02000000000000000000000000000000
========================================================================
Received Import Request.
  Time since last request: 90.072228 seconds.
  path: Assets/Scenes/Preload.unity
  artifactKey: Guid(123a051d6e13437459c65a93120f5d49) Importer(815301076,1909f56bfc062723c751e8b465ee728b)
Start importing Assets/Scenes/Preload.unity using Guid(123a051d6e13437459c65a93120f5d49) Importer(815301076,1909f56bfc062723c751e8b465ee728b)  -> (artifact id: '9935b66e543303371da470eeb5878d0f') in 0.009912 seconds
  Import took 0.012547 seconds .

========================================================================
Received Prepare
Registering precompiled user dll's ...
Registered in 0.000892 seconds.
Begin MonoManager ReloadAssembly
Native extension for WindowsStandalone target not found
Native extension for WebGL target not found
Refreshing native plugins compatible for Editor in 0.35 ms, found 1 plugins.
Preloading 0 native plugins for Editor in 0.00 ms.
Mono: successfully reloaded assembly
- Completed reload, in  0.732 seconds
Platform modules already initialized, skipping
Switching build target platform(5) subTarget(0) extendedPlatform(0) -> platform(13) subTarget(537395200) extendedPlatform(0)
Refreshing native plugins compatible for Editor in 0.34 ms, found 1 plugins.
Preloading 0 native plugins for Editor in 0.00 ms.
Unloading 1825 Unused Serialized files (Serialized files now loaded: 0)
System memory in use before: 107.0 MB.
System memory in use after: 107.2 MB.

Unloading 7 unused Assets to reduce memory usage. Loaded Objects now: 2356.
Total: 1.731900 ms (FindLiveObjects: 0.164000 ms CreateObjectMapping: 0.061200 ms MarkObjects: 1.492500 ms  DeleteObjects: 0.012900 ms)

AssetImportParameters requested are different than current active one (requested -> active):
  custom:graphics/normal-map-encoding: 01000000000000000000000000000000 -> 02000000000000000000000000000000
========================================================================
Received Import Request.
  Time since last request: 133.802812 seconds.
  path: Assets/Scenes/21-30/Level27.unity
  artifactKey: Guid(a4a543c6ac267ef4d964b538e48f295b) Importer(815301076,1909f56bfc062723c751e8b465ee728b)
Start importing Assets/Scenes/21-30/Level27.unity using Guid(a4a543c6ac267ef4d964b538e48f295b) Importer(815301076,1909f56bfc062723c751e8b465ee728b)  -> (artifact id: 'd2cc7b17754f53c1ab1e8d80a4b14987') in 0.010366 seconds
  Import took 0.013185 seconds .

========================================================================
Received Import Request.
  Time since last request: 78.734509 seconds.
  path: Assets/Scenes/21-30/Level28.unity
  artifactKey: Guid(d0a80a456d7a7164b9f7662da66a0115) Importer(815301076,1909f56bfc062723c751e8b465ee728b)
Start importing Assets/Scenes/21-30/Level28.unity using Guid(d0a80a456d7a7164b9f7662da66a0115) Importer(815301076,1909f56bfc062723c751e8b465ee728b)  -> (artifact id: 'a194c9a7c6571904d8c7f8c674269911') in 0.003775 seconds
  Import took 0.006377 seconds .

========================================================================
Received Import Request.
  Time since last request: 174.095028 seconds.
  path: Assets/Scenes/21-30/Level30.unity
  artifactKey: Guid(c878d1d05769b0f41a2b750a3ff4ddc5) Importer(815301076,1909f56bfc062723c751e8b465ee728b)
Start importing Assets/Scenes/21-30/Level30.unity using Guid(c878d1d05769b0f41a2b750a3ff4ddc5) Importer(815301076,1909f56bfc062723c751e8b465ee728b)  -> (artifact id: 'ac4cd0a637fa0f8b1e0293f7983f3308') in 0.003258 seconds
  Import took 0.006401 seconds .

========================================================================
Received Import Request.
  Time since last request: 2.759061 seconds.
  path: Assets/Scenes/21-30/Level28.unity
  artifactKey: Guid(d0a80a456d7a7164b9f7662da66a0115) Importer(815301076,1909f56bfc062723c751e8b465ee728b)
Start importing Assets/Scenes/21-30/Level28.unity using Guid(d0a80a456d7a7164b9f7662da66a0115) Importer(815301076,1909f56bfc062723c751e8b465ee728b)  -> (artifact id: '6e28d9677e79ad0bb805fb95b86fc8db') in 0.003898 seconds
  Import took 0.006414 seconds .

========================================================================
Received Prepare
Registering precompiled user dll's ...
Registered in 0.000849 seconds.
Begin MonoManager ReloadAssembly
Native extension for WindowsStandalone target not found
Native extension for WebGL target not found
Refreshing native plugins compatible for Editor in 0.36 ms, found 1 plugins.
Preloading 0 native plugins for Editor in 0.00 ms.
Mono: successfully reloaded assembly
- Completed reload, in  0.742 seconds
Platform modules already initialized, skipping
Switching build target platform(5) subTarget(0) extendedPlatform(0) -> platform(13) subTarget(537395200) extendedPlatform(0)
Refreshing native plugins compatible for Editor in 0.36 ms, found 1 plugins.
Preloading 0 native plugins for Editor in 0.00 ms.
Unloading 1825 Unused Serialized files (Serialized files now loaded: 0)
System memory in use before: 107.1 MB.
System memory in use after: 107.2 MB.

Unloading 7 unused Assets to reduce memory usage. Loaded Objects now: 2360.
Total: 1.694800 ms (FindLiveObjects: 0.171100 ms CreateObjectMapping: 0.063300 ms MarkObjects: 1.447300 ms  DeleteObjects: 0.012300 ms)

AssetImportParameters requested are different than current active one (requested -> active):
  custom:graphics/normal-map-encoding: 01000000000000000000000000000000 -> 02000000000000000000000000000000
========================================================================
Received Import Request.
  Time since last request: 273.742690 seconds.
  path: Assets/Scenes/Preload.unity
  artifactKey: Guid(123a051d6e13437459c65a93120f5d49) Importer(815301076,1909f56bfc062723c751e8b465ee728b)
Start importing Assets/Scenes/Preload.unity using Guid(123a051d6e13437459c65a93120f5d49) Importer(815301076,1909f56bfc062723c751e8b465ee728b)  -> (artifact id: '160f7de3d8101031c3f74e3727786a35') in 0.009767 seconds
  Import took 0.012706 seconds .

========================================================================
Received Import Request.
  Time since last request: 197.878974 seconds.
  path: Assets/Scenes/21-30/Level30.unity
  artifactKey: Guid(c878d1d05769b0f41a2b750a3ff4ddc5) Importer(815301076,1909f56bfc062723c751e8b465ee728b)
Start importing Assets/Scenes/21-30/Level30.unity using Guid(c878d1d05769b0f41a2b750a3ff4ddc5) Importer(815301076,1909f56bfc062723c751e8b465ee728b)  -> (artifact id: '4e17c203adfd0b240e5b8315c32c1bd0') in 0.003410 seconds
  Import took 0.006446 seconds .

========================================================================
Received Prepare
Registering precompiled user dll's ...
Registered in 0.000865 seconds.
Begin MonoManager ReloadAssembly
Native extension for WindowsStandalone target not found
Native extension for WebGL target not found
Refreshing native plugins compatible for Editor in 0.34 ms, found 1 plugins.
Preloading 0 native plugins for Editor in 0.00 ms.
Mono: successfully reloaded assembly
- Completed reload, in  0.731 seconds
Platform modules already initialized, skipping
Switching build target platform(5) subTarget(0) extendedPlatform(0) -> platform(13) subTarget(537395200) extendedPlatform(0)
Refreshing native plugins compatible for Editor in 0.33 ms, found 1 plugins.
Preloading 0 native plugins for Editor in 0.00 ms.
Unloading 1825 Unused Serialized files (Serialized files now loaded: 0)
System memory in use before: 107.1 MB.
System memory in use after: 107.2 MB.

Unloading 7 unused Assets to reduce memory usage. Loaded Objects now: 2364.
Total: 1.704000 ms (FindLiveObjects: 0.210000 ms CreateObjectMapping: 0.056800 ms MarkObjects: 1.424400 ms  DeleteObjects: 0.012100 ms)

AssetImportParameters requested are different than current active one (requested -> active):
  custom:graphics/normal-map-encoding: 01000000000000000000000000000000 -> 02000000000000000000000000000000
========================================================================
Received Prepare
Registering precompiled user dll's ...
Registered in 0.000909 seconds.
Begin MonoManager ReloadAssembly
Native extension for WindowsStandalone target not found
Native extension for WebGL target not found
Refreshing native plugins compatible for Editor in 0.43 ms, found 1 plugins.
Preloading 0 native plugins for Editor in 0.00 ms.
Mono: successfully reloaded assembly
- Completed reload, in  0.742 seconds
Platform modules already initialized, skipping
Switching build target platform(5) subTarget(0) extendedPlatform(0) -> platform(13) subTarget(537395200) extendedPlatform(0)
Refreshing native plugins compatible for Editor in 0.34 ms, found 1 plugins.
Preloading 0 native plugins for Editor in 0.00 ms.
Unloading 1825 Unused Serialized files (Serialized files now loaded: 0)
System memory in use before: 107.1 MB.
System memory in use after: 107.2 MB.

Unloading 7 unused Assets to reduce memory usage. Loaded Objects now: 2368.
Total: 1.688100 ms (FindLiveObjects: 0.183000 ms CreateObjectMapping: 0.076100 ms MarkObjects: 1.415200 ms  DeleteObjects: 0.013000 ms)

AssetImportParameters requested are different than current active one (requested -> active):
  custom:graphics/normal-map-encoding: 01000000000000000000000000000000 -> 02000000000000000000000000000000
========================================================================
Received Prepare
Refreshing native plugins compatible for Editor in 1.48 ms, found 1 plugins.
Preloading 0 native plugins for Editor in 0.00 ms.
Unloading 5 Unused Serialized files (Serialized files now loaded: 0)
System memory in use before: 71.2 MB.
System memory in use after: 71.3 MB.

Unloading 5 unused Assets to reduce memory usage. Loaded Objects now: 2368.
Total: 1.728000 ms (FindLiveObjects: 0.181900 ms CreateObjectMapping: 0.077100 ms MarkObjects: 1.453500 ms  DeleteObjects: 0.013600 ms)

AssetImportWorkerClient::OnTransportError - code=2 error=End of file
